Connecting to socket /var/run/mysqld/mysqld.sock, owned by user mysql

# 2023-01-13 13:51:46.501337
select employeenumber, sum(quantityordered*priceeach),customernumber,month(orderdate)
from orders
inner join orderdetails using(ordernumber)
inner join customers using(customernumber)
inner join employees on employeenumber=salesrepemployeenumber
group by customernumber,month(orderDate)
order by customernumber;
╔════════════════╦════════════════════════════════╦════════════════╦══════════════════╗
║ employeenumber ║ sum(quantityordered*priceeach) ║ customernumber ║ month(orderdate) ║
╠════════════════╬════════════════════════════════╬════════════════╬══════════════════╣
║ 1370           ║ 14571.44                       ║ 103            ║ 5                ║
║ 1370           ║ 6066.78                        ║ 103            ║ 9                ║
║ 1370           ║ 1676.14                        ║ 103            ║ 11               ║
║ 1166           ║ 32641.98                       ║ 112            ║ 5                ║
║ 1166           ║ 33347.88                       ║ 112            ║ 8                ║
║ 1166           ║ 14191.12                       ║ 112            ║ 11               ║
║ 1611           ║ 44894.74                       ║ 114            ║ 2                ║
║ 1611           ║ 45864.03                       ║ 114            ║ 4                ║
║ 1611           ║ 7565.08                        ║ 114            ║ 5                ║
║ 1611           ║ 82261.22                       ║ 114            ║ 11               ║
║ 1370           ║ 49523.67                       ║ 119            ║ 2                ║
║ 1370           ║ 41623.44                       ║ 119            ║ 5                ║
║ 1370           ║ 47924.19                       ║ 119            ║ 7                ║
║ 1370           ║ 19501.82                       ║ 119            ║ 10               ║
║ 1504           ║ 50218.95                       ║ 121            ║ 1                ║
║ 1504           ║ 19367.70                       ║ 121            ║ 10               ║
║ 1504           ║ 34638.14                       ║ 121            ║ 11               ║
║ 1165           ║ 49012.29                       ║ 124            ║ 1                ║
║ 1165           ║ 52232.30                       ║ 124            ║ 2                ║
║ 1165           ║ 138011.64                      ║ 124            ║ 3                ║
║ 1165           ║ 7639.10                        ║ 124            ║ 5                ║
║ 1165           ║ 93032.73                       ║ 124            ║ 7                ║
║ 1165           ║ 104032.54                      ║ 124            ║ 8                ║
║ 1165           ║ 55639.66                       ║ 124            ║ 10               ║
║ 1165           ║ 51550.82                       ║ 124            ║ 11               ║
║ 1165           ║ 40676.26                       ║ 124            ║ 12               ║
║ 1504           ║ 10549.01                       ║ 128            ║ 1                ║
║ 1504           ║ 33820.62                       ║ 128            ║ 3                ║
║ 1504           ║ 24101.81                       ║ 128            ║ 10               ║
║ 1504           ║ 7466.32                        ║ 128            ║ 11               ║
║ 1165           ║ 16537.85                       ║ 129            ║ 3                ║
║ 1165           ║ 26248.78                       ║ 129            ║ 11               ║
║ 1165           ║ 23923.93                       ║ 129            ║ 12               ║
║ 1323           ║ 22292.62                       ║ 131            ║ 2                ║
║ 1323           ║ 41445.21                       ║ 131            ║ 5                ║
║ 1323           ║ 35321.97                       ║ 131            ║ 9                ║
║ 1323           ║ 50025.35                       ║ 131            ║ 11               ║
║ 1370           ║ 100036.75                      ║ 141            ║ 1                ║
║ 1370           ║ 120166.58                      ║ 141            ║ 2                ║
║ 1370           ║ 65071.26                       ║ 141            ║ 3                ║
║ 1370           ║ 26155.91                       ║ 141            ║ 4                ║
║ 1370           ║ 140201.42                      ║ 141            ║ 5                ║
║ 1370           ║ 83316.39                       ║ 141            ║ 6                ║
║ 1370           ║ 20009.53                       ║ 141            ║ 8                ║
║ 1370           ║ 44939.85                       ║ 141            ║ 9                ║
║ 1370           ║ 40739.90                       ║ 141            ║ 10               ║
║ 1370           ║ 10721.86                       ║ 141            ║ 11               ║
║ 1370           ║ 169330.09                      ║ 141            ║ 12               ║
║ 1504           ║ 7674.94                        ║ 144            ║ 3                ║
║ 1504           ║ 59019.88                       ║ 144            ║ 11               ║
║ 1401           ║ 53959.21                       ║ 145            ║ 2                ║
║ 1401           ║ 49850.32                       ║ 145            ║ 4                ║
║ 1401           ║ 4710.73                        ║ 145            ║ 6                ║
║ 1401           ║ 20564.86                       ║ 145            ║ 11               ║
║ 1337           ║ 49614.72                       ║ 146            ║ 1                ║
║ 1337           ║ 40978.53                       ║ 146            ║ 3                ║
║ 1337           ║ 39712.10                       ║ 146            ║ 11               ║
║ 1621           ║ 3516.04                        ║ 148            ║ 3                ║
║ 1621           ║ 44380.15                       ║ 148            ║ 4                ║
║ 1621           ║ 2611.84                        ║ 148            ║ 8                ║
║ 1621           ║ 38350.15                       ║ 148            ║ 9                ║
║ 1621           ║ 67392.85                       ║ 148            ║ 10               ║
║ 1286           ║ 58841.35                       ║ 151            ║ 6                ║
║ 1286           ║ 20314.44                       ║ 151            ║ 7                ║
║ 1286           ║ 98758.16                       ║ 151            ║ 12               ║
║ 1216           ║ 5849.44                        ║ 157            ║ 5                ║
║ 1216           ║ 23715.70                       ║ 157            ║ 7                ║
║ 1216           ║ 39641.43                       ║ 157            ║ 8                ║
║ 1216           ║ 35152.12                       ║ 157            ║ 11               ║
║ 1165           ║ 12692.19                       ║ 161            ║ 1                ║
║ 1165           ║ 38675.13                       ║ 161            ║ 7                ║
║ 1165           ║ 50743.65                       ║ 161            ║ 10               ║
║ 1165           ║ 2434.25                        ║ 161            ║ 11               ║
║ 1612           ║ 22474.17                       ║ 166            ║ 2                ║
║ 1612           ║ 2326.18                        ║ 166            ║ 4                ║
║ 1612           ║ 44160.92                       ║ 166            ║ 6                ║
║ 1612           ║ 38785.48                       ║ 166            ║ 9                ║
║ 1504           ║ 12538.01                       ║ 167            ║ 9                ║
║ 1504           ║ 85024.46                       ║ 167            ║ 11               ║
║ 1370           ║ 18997.89                       ║ 171            ║ 2                ║
║ 1370           ║ 42783.81                       ║ 171            ║ 11               ║
║ 1337           ║ 33383.14                       ║ 172            ║ 4                ║
║ 1337           ║ 1960.80                        ║ 172            ║ 8                ║
║ 1337           ║ 51209.58                       ║ 172            ║ 11               ║
║ 1188           ║ 20355.24                       ║ 173            ║ 3                ║
║ 1188           ║ 11843.45                       ║ 173            ║ 5                ║
║ 1323           ║ 28500.78                       ║ 175            ║ 5                ║
║ 1323           ║ 42044.77                       ║ 175            ║ 6                ║
║ 1323           ║ 24879.08                       ║ 175            ║ 11               ║
║ 1621           ║ 47177.59                       ║ 177            ║ 1                ║
║ 1621           ║ 15183.63                       ║ 177            ║ 4                ║
║ 1286           ║ 5494.78                        ║ 181            ║ 1                ║
║ 1286           ║ 22602.36                       ║ 181            ║ 4                ║
║ 1286           ║ 44400.50                       ║ 181            ║ 11               ║
║ 1501           ║ 23602.90                       ║ 186            ║ 2                ║
║ 1501           ║ 34341.08                       ║ 186            ║ 9                ║
║ 1501           ║ 37602.48                       ║ 186            ║ 10               ║
║ 1501           ║ 48425.69                       ║ 187            ║ 3                ║
║ 1501           ║ 52825.29                       ║ 187            ║ 10               ║
║ 1501           ║ 47159.11                       ║ 187            ║ 11               ║
║ 1504           ║ 32538.74                       ║ 189            ║ 2                ║
║ 1504           ║ 17359.53                       ║ 189            ║ 9                ║
║ 1216           ║ 6036.96                        ║ 198            ║ 6                ║
║ 1216           ║ 5858.56                        ║ 198            ║ 9                ║
║ 1216           ║ 9658.74                        ║ 198            ║ 12               ║
║ 1501           ║ 37258.94                       ║ 201            ║ 4                ║
║ 1501           ║ 45443.54                       ║ 201            ║ 6                ║
║ 1501           ║ 23908.24                       ║ 201            ║ 10               ║
║ 1323           ║ 33594.58                       ║ 202            ║ 10               ║
║ 1323           ║ 36527.61                       ║ 202            ║ 12               ║
║ 1188           ║ 51152.86                       ║ 204            ║ 8                ║
║ 1188           ║ 4424.40                        ║ 204            ║ 9                ║
║ 1166           ║ 39580.60                       ║ 205            ║ 1                ║
║ 1166           ║ 50342.74                       ║ 205            ║ 8                ║
║ 1166           ║ 3879.96                        ║ 205            ║ 11               ║
║ 1370           ║ 71227.01                       ║ 209            ║ 4                ║
║ 1370           ║ 4632.31                        ║ 209            ║ 6                ║
║ 1621           ║ 28287.73                       ║ 211            ║ 11               ║
║ 1621           ║ 17193.06                       ║ 211            ║ 12               ║
║ 1702           ║ 3101.40                        ║ 216            ║ 4                ║
║ 1702           ║ 65419.07                       ║ 216            ║ 11               ║
║ 1166           ║ 3452.75                        ║ 219            ║ 2                ║
║ 1166           ║ 4465.85                        ║ 219            ║ 10               ║
║ 1401           ║ 89909.80                       ║ 227            ║ 10               ║
║ 1286           ║ 29070.38                       ║ 233            ║ 5                ║
║ 1286           ║ 22997.45                       ║ 233            ║ 6                ║
║ 1286           ║ 16909.84                       ║ 233            ║ 11               ║
║ 1166           ║ 80375.24                       ║ 239            ║ 2                ║
║ 1501           ║ 24995.61                       ║ 240            ║ 3                ║
║ 1501           ║ 46788.14                       ║ 240            ║ 11               ║
║ 1370           ║ 12432.32                       ║ 242            ║ 3                ║
║ 1370           ║ 14232.70                       ║ 242            ║ 7                ║
║ 1370           ║ 33818.34                       ║ 242            ║ 11               ║
║ 1401           ║ 48298.99                       ║ 249            ║ 8                ║
║ 1401           ║ 33924.24                       ║ 249            ║ 9                ║
║ 1337           ║ 17928.09                       ║ 250            ║ 3                ║
║ 1337           ║ 23419.47                       ║ 250            ║ 7                ║
║ 1337           ║ 26311.63                       ║ 250            ║ 12               ║
║ 1370           ║ 5759.42                        ║ 256            ║ 2                ║
║ 1370           ║ 53116.99                       ║ 256            ║ 10               ║
║ 1504           ║ 61234.67                       ║ 259            ║ 10               ║
║ 1504           ║ 27988.47                       ║ 259            ║ 11               ║
║ 1323           ║ 29284.42                       ║ 260            ║ 4                ║
║ 1323           ║ 37527.58                       ║ 260            ║ 8                ║
║ 1611           ║ 27083.78                       ║ 276            ║ 1                ║
║ 1611           ║ 29848.52                       ║ 276            ║ 3                ║
║ 1611           ║ 41554.73                       ║ 276            ║ 9                ║
║ 1611           ║ 38547.19                       ║ 276            ║ 11               ║
║ 1401           ║ 52151.81                       ║ 278            ║ 2                ║
║ 1401           ║ 75377.88                       ║ 278            ║ 11               ║
║ 1611           ║ 42251.51                       ║ 282            ║ 5                ║
║ 1611           ║ 59820.25                       ║ 282            ║ 7                ║
║ 1611           ║ 31835.36                       ║ 282            ║ 12               ║
║ 1216           ║ 43134.04                       ║ 286            ║ 8                ║
║ 1216           ║ 47411.33                       ║ 286            ║ 10               ║
║ 1702           ║ 47375.92                       ║ 298            ║ 2                ║
║ 1702           ║ 61402.00                       ║ 298            ║ 8                ║
║ 1504           ║ 32260.16                       ║ 299            ║ 8                ║
║ 1504           ║ 36798.88                       ║ 299            ║ 10               ║
║ 1501           ║ 46770.52                       ║ 311            ║ 1                ║
║ 1501           ║ 16212.59                       ║ 311            ║ 4                ║
║ 1501           ║ 32723.04                       ║ 311            ║ 9                ║
║ 1401           ║ 16901.38                       ║ 314            ║ 2                ║
║ 1401           ║ 8597.73                        ║ 314            ║ 5                ║
║ 1401           ║ 45352.47                       ║ 314            ║ 7                ║
║ 1323           ║ 42339.76                       ║ 319            ║ 10               ║
║ 1323           ║ 36092.40                       ║ 319            ║ 11               ║
║ 1188           ║ 8307.28                        ║ 320            ║ 1                ║
║ 1188           ║ 41016.75                       ║ 320            ║ 8                ║
║ 1188           ║ 52548.49                       ║ 320            ║ 11               ║
║ 1165           ║ 46781.66                       ║ 321            ║ 2                ║
║ 1165           ║ 85559.12                       ║ 321            ║ 10               ║
║ 1612           ║ 33593.32                       ║ 323            ║ 3                ║
║ 1612           ║ 41426.81                       ║ 323            ║ 4                ║
║ 1612           ║ 40161.36                       ║ 323            ║ 6                ║
║ 1612           ║ 39440.59                       ║ 323            ║ 12               ║
║ 1501           ║ 29429.14                       ║ 324            ║ 6                ║
║ 1501           ║ 37455.77                       ║ 324            ║ 11               ║
║ 1501           ║ 13671.82                       ║ 324            ║ 12               ║
║ 1323           ║ 7178.66                        ║ 328            ║ 3                ║
║ 1323           ║ 43525.04                       ║ 328            ║ 4                ║
║ 1323           ║ 31102.85                       ║ 328            ║ 5                ║
║ 1611           ║ 21432.31                       ║ 333            ║ 2                ║
║ 1611           ║ 9821.32                        ║ 333            ║ 9                ║
║ 1611           ║ 23936.53                       ║ 333            ║ 11               ║
║ 1501           ║ 45785.34                       ║ 334            ║ 1                ║
║ 1501           ║ 28394.54                       ║ 334            ║ 5                ║
║ 1501           ║ 29716.86                       ║ 334            ║ 8                ║
║ 1188           ║ 23333.06                       ║ 339            ║ 10               ║
║ 1188           ║ 34606.28                       ║ 339            ║ 11               ║
║ 1702           ║ 15322.93                       ║ 344            ║ 3                ║
║ 1702           ║ 31428.21                       ║ 344            ║ 11               ║
║ 1166           ║ 21053.69                       ║ 347            ║ 1                ║
║ 1166           ║ 20452.50                       ║ 347            ║ 10               ║
║ 1337           ║ 1834.56                        ║ 350            ║ 1                ║
║ 1337           ║ 50824.66                       ║ 350            ║ 5                ║
║ 1337           ║ 18888.31                       ║ 350            ║ 11               ║
║ 1337           ║ 46656.94                       ║ 353            ║ 3                ║
║ 1337           ║ 16700.47                       ║ 353            ║ 5                ║
║ 1337           ║ 13920.26                       ║ 353            ║ 7                ║
║ 1337           ║ 17104.91                       ║ 353            ║ 11               ║
║ 1337           ║ 32600.61                       ║ 353            ║ 12               ║
║ 1612           ║ 36442.34                       ║ 357            ║ 4                ║
║ 1612           ║ 37769.38                       ║ 357            ║ 6                ║
║ 1612           ║ 20220.04                       ║ 357            ║ 12               ║
║ 1216           ║ 50806.85                       ║ 362            ║ 5                ║
║ 1216           ║ 18473.71                       ║ 362            ║ 6                ║
║ 1216           ║ 15059.76                       ║ 362            ║ 9                ║
║ 1216           ║ 10223.83                       ║ 363            ║ 1                ║
║ 1216           ║ 106225.46                      ║ 363            ║ 11               ║
║ 1188           ║ 28322.83                       ║ 379            ║ 1                ║
║ 1188           ║ 12530.51                       ║ 379            ║ 7                ║
║ 1188           ║ 32680.31                       ║ 379            ║ 9                ║
║ 1401           ║ 14379.90                       ║ 381            ║ 1                ║
║ 1401           ║ 1627.56                        ║ 381            ║ 4                ║
║ 1401           ║ 1128.20                        ║ 381            ║ 8                ║
║ 1401           ║ 12081.52                       ║ 381            ║ 11               ║
║ 1401           ║ 35826.33                       ║ 382            ║ 4                ║
║ 1401           ║ 52420.07                       ║ 382            ║ 5                ║
║ 1401           ║ 6419.84                        ║ 382            ║ 7                ║
║ 1401           ║ 42813.83                       ║ 382            ║ 11               ║
║ 1621           ║ 51001.22                       ║ 385            ║ 3                ║
║ 1621           ║ 36467.08                       ║ 385            ║ 11               ║
║ 1401           ║ 35362.26                       ║ 386            ║ 5                ║
║ 1401           ║ 51619.02                       ║ 386            ║ 7                ║
║ 1401           ║ 38524.29                       ║ 386            ║ 11               ║
║ 1621           ║ 33967.73                       ║ 398            ║ 1                ║
║ 1621           ║ 615.45                         ║ 398            ║ 4                ║
║ 1621           ║ 22037.91                       ║ 398            ║ 6                ║
║ 1621           ║ 48927.64                       ║ 398            ║ 11               ║
║ 1337           ║ 49165.16                       ║ 406            ║ 1                ║
║ 1337           ║ 12190.85                       ║ 406            ║ 4                ║
║ 1337           ║ 25080.96                       ║ 406            ║ 5                ║
║ 1612           ║ 31670.37                       ║ 412            ║ 3                ║
║ 1612           ║ 23627.44                       ║ 412            ║ 5                ║
║ 1612           ║ 35034.57                       ║ 412            ║ 7                ║
║ 1504           ║ 31310.09                       ║ 415            ║ 9                ║
║ 1286           ║ 21665.98                       ║ 424            ║ 4                ║
║ 1286           ║ 22042.37                       ║ 424            ║ 10               ║
║ 1286           ║ 25505.98                       ║ 424            ║ 11               ║
║ 1323           ║ 17032.29                       ║ 447            ║ 6                ║
║ 1323           ║ 6631.36                        ║ 447            ║ 9                ║
║ 1323           ║ 26304.13                       ║ 447            ║ 12               ║
║ 1504           ║ 27966.54                       ║ 448            ║ 3                ║
║ 1504           ║ 48809.90                       ║ 448            ║ 9                ║
║ 1504           ║ 44167.09                       ║ 448            ║ 10               ║
║ 1165           ║ 83984.89                       ║ 450            ║ 4                ║
║ 1165           ║ 42798.08                       ║ 450            ║ 5                ║
║ 1165           ║ 16753.30                       ║ 450            ║ 6                ║
║ 1401           ║ 8807.12                        ║ 452            ║ 3                ║
║ 1401           ║ 27121.90                       ║ 452            ║ 10               ║
║ 1401           ║ 15130.97                       ║ 452            ║ 11               ║
║ 1286           ║ 32239.47                       ║ 455            ║ 5                ║
║ 1286           ║ 38139.18                       ║ 455            ║ 11               ║
║ 1286           ║ 1679.92                        ║ 456            ║ 4                ║
║ 1286           ║ 27550.51                       ║ 456            ║ 11               ║
║ 1702           ║ 22162.61                       ║ 458            ║ 1                ║
║ 1702           ║ 57131.92                       ║ 458            ║ 5                ║
║ 1702           ║ 33145.56                       ║ 458            ║ 11               ║
║ 1216           ║ 30293.77                       ║ 462            ║ 3                ║
║ 1216           ║ 9977.85                        ║ 462            ║ 10               ║
║ 1216           ║ 48355.87                       ║ 462            ║ 11               ║
║ 1611           ║ 10945.26                       ║ 471            ║ 5                ║
║ 1611           ║ 9415.13                        ║ 471            ║ 7                ║
║ 1611           ║ 35505.63                       ║ 471            ║ 11               ║
║ 1401           ║ 7612.06                        ║ 473            ║ 2                ║
║ 1401           ║ 17746.26                       ║ 473            ║ 10               ║
║ 1166           ║ 36070.47                       ║ 475            ║ 1                ║
║ 1166           ║ 7678.25                        ║ 475            ║ 12               ║
║ 1702           ║ 3474.66                        ║ 484            ║ 10               ║
║ 1702           ║ 47513.19                       ║ 484            ║ 11               ║
║ 1323           ║ 25833.14                       ║ 486            ║ 3                ║
║ 1323           ║ 5899.38                        ║ 486            ║ 4                ║
║ 1323           ║ 45994.07                       ║ 486            ║ 11               ║
║ 1165           ║ 12573.28                       ║ 487            ║ 2                ║
║ 1165           ║ 29997.09                       ║ 487            ║ 9                ║
║ 1501           ║ 7310.42                        ║ 489            ║ 1                ║
║ 1501           ║ 22275.73                       ║ 489            ║ 11               ║
║ 1188           ║ 6276.60                        ║ 495            ║ 4                ║
║ 1188           ║ 59265.14                       ║ 495            ║ 12               ║
║ 1612           ║ 30253.75                       ║ 496            ║ 4                ║
║ 1612           ║ 32077.44                       ║ 496            ║ 7                ║
║ 1612           ║ 22963.60                       ║ 496            ║ 11               ║
║ 1612           ║ 52166.00                       ║ 496            ║ 12               ║
╚════════════════╩════════════════════════════════╩════════════════╩══════════════════╝
284 rows in set
Time: 0.130s
